Performing C SOURCE FILE Test CMAKE_HAVE_LIBC_PTHREAD failed with the following output:
Change Dir: /home/anafa/catkin_ws/build/CMakeFiles/CMakeTmp

Run Build Command(s):/usr/bin/make -f Makefile cmTC_2f71d/fast && /usr/bin/make  -f CMakeFiles/cmTC_2f71d.dir/build.make CMakeFiles/cmTC_2f71d.dir/build
make[1] : on entre dans le répertoire « /home/anafa/catkin_ws/build/CMakeFiles/CMakeTmp »
Building C object CMakeFiles/cmTC_2f71d.dir/src.c.o
/usr/bin/cc -DCMAKE_HAVE_LIBC_PTHREAD   -o CMakeFiles/cmTC_2f71d.dir/src.c.o -c /home/anafa/catkin_ws/build/CMakeFiles/CMakeTmp/src.c
Linking C executable cmTC_2f71d
/home/anafa/.local/lib/python3.6/site-packages/cmake/data/bin/cmake -E cmake_link_script CMakeFiles/cmTC_2f71d.dir/link.txt --verbose=1
/usr/bin/cc -rdynamic CMakeFiles/cmTC_2f71d.dir/src.c.o -o cmTC_2f71d 
CMakeFiles/cmTC_2f71d.dir/src.c.o : Dans la fonction « main » :
src.c:(.text+0x3e) : référence indéfinie vers « pthread_create »
src.c:(.text+0x4a) : référence indéfinie vers « pthread_detach »
src.c:(.text+0x56) : référence indéfinie vers « pthread_cancel »
src.c:(.text+0x67) : référence indéfinie vers « pthread_join »
src.c:(.text+0x7b) : référence indéfinie vers « pthread_atfork »
collect2: error: ld returned 1 exit status
CMakeFiles/cmTC_2f71d.dir/build.make:98: recipe for target 'cmTC_2f71d' failed
make[1]: *** [cmTC_2f71d] Error 1
make[1] : on quitte le répertoire « /home/anafa/catkin_ws/build/CMakeFiles/CMakeTmp »
Makefile:127: recipe for target 'cmTC_2f71d/fast' failed
make: *** [cmTC_2f71d/fast] Error 2


Source file was:
#include <pthread.h>

static void* test_func(void* data)
{
  return data;
}

int main(void)
{
  pthread_t thread;
  pthread_create(&thread, NULL, test_func, NULL);
  pthread_detach(thread);
  pthread_cancel(thread);
  pthread_join(thread, NULL);
  pthread_atfork(NULL, NULL, NULL);
  pthread_exit(NULL);

  return 0;
}

Determining if the function pthread_create exists in the pthreads failed with the following output:
Change Dir: /home/anafa/catkin_ws/build/CMakeFiles/CMakeTmp

Run Build Command(s):/usr/bin/make -f Makefile cmTC_0031c/fast && /usr/bin/make  -f CMakeFiles/cmTC_0031c.dir/build.make CMakeFiles/cmTC_0031c.dir/build
make[1] : on entre dans le répertoire « /home/anafa/catkin_ws/build/CMakeFiles/CMakeTmp »
Building C object CMakeFiles/cmTC_0031c.dir/CheckFunctionExists.c.o
/usr/bin/cc   -DCHECK_FUNCTION_EXISTS=pthread_create -o CMakeFiles/cmTC_0031c.dir/CheckFunctionExists.c.o -c /home/anafa/.local/lib/python3.6/site-packages/cmake/data/share/cmake-3.22/Modules/CheckFunctionExists.c
Linking C executable cmTC_0031c
/home/anafa/.local/lib/python3.6/site-packages/cmake/data/bin/cmake -E cmake_link_script CMakeFiles/cmTC_0031c.dir/link.txt --verbose=1
/usr/bin/cc  -DCHECK_FUNCTION_EXISTS=pthread_create -rdynamic CMakeFiles/cmTC_0031c.dir/CheckFunctionExists.c.o -o cmTC_0031c  -lpthreads 
/usr/bin/ld : ne peut trouver -lpthreads
collect2: error: ld returned 1 exit status
CMakeFiles/cmTC_0031c.dir/build.make:98: recipe for target 'cmTC_0031c' failed
make[1]: *** [cmTC_0031c] Error 1
make[1] : on quitte le répertoire « /home/anafa/catkin_ws/build/CMakeFiles/CMakeTmp »
Makefile:127: recipe for target 'cmTC_0031c/fast' failed
make: *** [cmTC_0031c/fast] Error 2



